Using pre-set license
Built from '2021.3/staging' branch; Version is '2021.3.15f1 (e8e88683f834) revision 15263878'; Using compiler version '192829333'; Build Type 'Release'
OS: 'Windows 10  (10.0.19045) 64bit CoreSingleLanguage' Language: 'pt' Physical Memory: 12197 MB
BatchMode: 1, IsHumanControllingUs: 0, StartBugReporterOnCrash: 0, Is64bit: 1, IsPro: 1

COMMAND LINE ARGUMENTS:
C:\Program Files\Unity\Hub\Editor\2021.3.15f1\Editor\Unity.exe
-adb2
-batchMode
-noUpm
-name
AssetImportWorker0
-projectPath
D:/GameDev/SantosPowerUp2025
-logFile
Logs/AssetImportWorker0.log
-srvPort
50115
Successfully changed project path to: D:/GameDev/SantosPowerUp2025
D:/GameDev/SantosPowerUp2025
[UnityMemory] Configuration Parameters - Can be set up in boot.config
    "memorysetup-bucket-allocator-granularity=16"
    "memorysetup-bucket-allocator-bucket-count=8"
    "memorysetup-bucket-allocator-block-size=33554432"
    "memorysetup-bucket-allocator-block-count=8"
    "memorysetup-main-allocator-block-size=16777216"
    "memorysetup-thread-allocator-block-size=16777216"
    "memorysetup-gfx-main-allocator-block-size=16777216"
    "memorysetup-gfx-thread-allocator-block-size=16777216"
    "memorysetup-cache-allocator-block-size=4194304"
    "memorysetup-typetree-allocator-block-size=2097152"
    "memorysetup-profiler-bucket-allocator-granularity=16"
    "memorysetup-profiler-bucket-allocator-bucket-count=8"
    "memorysetup-profiler-bucket-allocator-block-size=33554432"
    "memorysetup-profiler-bucket-allocator-block-count=8"
    "memorysetup-profiler-allocator-block-size=16777216"
    "memorysetup-profiler-editor-allocator-block-size=1048576"
    "memorysetup-temp-allocator-size-main=16777216"
    "memorysetup-job-temp-allocator-block-size=2097152"
    "memorysetup-job-temp-allocator-block-size-background=1048576"
    "memorysetup-job-temp-allocator-reduction-small-platforms=262144"
    "memorysetup-temp-allocator-size-background-worker=32768"
    "memorysetup-temp-allocator-size-job-worker=262144"
    "memorysetup-temp-allocator-size-preload-manager=33554432"
    "memorysetup-temp-allocator-size-nav-mesh-worker=65536"
    "memorysetup-temp-allocator-size-audio-worker=65536"
    "memorysetup-temp-allocator-size-cloud-worker=32768"
    "memorysetup-temp-allocator-size-gi-baking-worker=262144"
    "memorysetup-temp-allocator-size-gfx=262144"
Player connection [20412] Host "[IP] 192.168.0.56 [Port] 0 [Flags] 2 [Guid] 3934252199 [EditorId] 3934252199 [Version] 1048832 [Id] WindowsEditor(7,DESKTOP-TB57UM9) [Debug] 1 [PackageName] WindowsEditor [ProjectName] Editor" joined multi-casting on [225.0.0.222:54997]...

Player connection [20412] Host "[IP] 192.168.0.56 [Port] 0 [Flags] 2 [Guid] 3934252199 [EditorId] 3934252199 [Version] 1048832 [Id] WindowsEditor(7,DESKTOP-TB57UM9) [Debug] 1 [PackageName] WindowsEditor [ProjectName] Editor" joined alternative multi-casting on [225.0.0.222:34997]...

Refreshing native plugins compatible for Editor in 170.67 ms, found 3 plugins.
Preloading 0 native plugins for Editor in 0.00 ms.
Initialize engine version: 2021.3.15f1 (e8e88683f834)
[Subsystems] Discovering subsystems at path C:/Program Files/Unity/Hub/Editor/2021.3.15f1/Editor/Data/Resources/UnitySubsystems
[Subsystems] Discovering subsystems at path D:/GameDev/SantosPowerUp2025/Assets
GfxDevice: creating device client; threaded=0; jobified=0
Direct3D:
    Version:  Direct3D 11.0 [level 11.1]
    Renderer: NVIDIA GeForce GTX 1050 (ID=0x1c8d)
    Vendor:   NVIDIA
    VRAM:     4007 MB
    Driver:   32.0.15.7602
Initialize mono
Mono path[0] = 'C:/Program Files/Unity/Hub/Editor/2021.3.15f1/Editor/Data/Managed'
Mono path[1] = 'C:/Program Files/Unity/Hub/Editor/2021.3.15f1/Editor/Data/MonoBleedingEdge/lib/mono/unityjit-win32'
Mono config path = 'C:/Program Files/Unity/Hub/Editor/2021.3.15f1/Editor/Data/MonoBleedingEdge/etc'
Using monoOptions --debugger-agent=transport=dt_socket,embedding=1,server=y,suspend=n,address=127.0.0.1:56608
Begin MonoManager ReloadAssembly
Registering precompiled unity dll's ...
Register platform support module: C:/Program Files/Unity/Hub/Editor/2021.3.15f1/Editor/Data/PlaybackEngines/WebGLSupport/UnityEditor.WebGL.Extensions.dll
Register platform support module: C:/Program Files/Unity/Hub/Editor/2021.3.15f1/Editor/Data/PlaybackEngines/AndroidPlayer/UnityEditor.Android.Extensions.dll
Register platform support module: C:/Program Files/Unity/Hub/Editor/2021.3.15f1/Editor/Data/PlaybackEngines/WindowsStandaloneSupport/UnityEditor.WindowsStandalone.Extensions.dll
Registered in 0.010687 seconds.
Native extension for WindowsStandalone target not found
Native extension for Android target not found
Native extension for WebGL target not found
Refreshing native plugins compatible for Editor in 156.87 ms, found 3 plugins.
Preloading 0 native plugins for Editor in 0.00 ms.
Mono: successfully reloaded assembly
- Completed reload, in  1.093 seconds
Domain Reload Profiling:
	ReloadAssembly (1094ms)
		BeginReloadAssembly (112ms)
			ExecutionOrderSort (0ms)
			DisableScriptedObjects (0ms)
			BackupInstance (0ms)
			ReleaseScriptingObjects (0ms)
			CreateAndSetChildDomain (1ms)
		EndReloadAssembly (824ms)
			LoadAssemblies (110ms)
			RebuildTransferFunctionScriptingTraits (0ms)
			SetupTypeCache (152ms)
			ReleaseScriptCaches (0ms)
			RebuildScriptCaches (170ms)
			SetupLoadedEditorAssemblies (433ms)
				LogAssemblyErrors (0ms)
				InitializePlatformSupportModulesInManaged (61ms)
				SetLoadedEditorAssemblies (0ms)
				RefreshPlugins (157ms)
				BeforeProcessingInitializeOnLoad (2ms)
				ProcessInitializeOnLoadAttributes (141ms)
				ProcessInitializeOnLoadMethodAttributes (72ms)
				AfterProcessingInitializeOnLoad (0ms)
				EditorAssembliesLoaded (0ms)
			ExecutionOrderSort2 (0ms)
			AwakeInstancesAfterBackupRestoration (0ms)
Platform modules already initialized, skipping
Registering precompiled user dll's ...
Registered in 0.013539 seconds.
Begin MonoManager ReloadAssembly
Symbol file LoadedFromMemory doesn't match image D:\GameDev\SantosPowerUp2025\Library\PackageCache\com.unity.visualscripting@1.7.8\Editor\VisualScripting.Core\Dependencies\YamlDotNet\Unity.VisualScripting.YamlDotNet.dll
Symbol file LoadedFromMemory doesn't match image D:\GameDev\SantosPowerUp2025\Library\PackageCache\com.unity.visualscripting@1.7.8\Editor\VisualScripting.Core\Dependencies\DotNetZip\Unity.VisualScripting.IonicZip.dll
Native extension for WindowsStandalone target not found
Native extension for Android target not found
Native extension for WebGL target not found
Refreshing native plugins compatible for Editor in 160.11 ms, found 3 plugins.
Preloading 0 native plugins for Editor in 0.00 ms.
Mono: successfully reloaded assembly
- Completed reload, in  2.144 seconds
Domain Reload Profiling:
	ReloadAssembly (2145ms)
		BeginReloadAssembly (181ms)
			ExecutionOrderSort (0ms)
			DisableScriptedObjects (14ms)
			BackupInstance (0ms)
			ReleaseScriptingObjects (0ms)
			CreateAndSetChildDomain (29ms)
		EndReloadAssembly (1785ms)
			LoadAssemblies (159ms)
			RebuildTransferFunctionScriptingTraits (0ms)
			SetupTypeCache (491ms)
			ReleaseScriptCaches (1ms)
			RebuildScriptCaches (121ms)
			SetupLoadedEditorAssemblies (917ms)
				LogAssemblyErrors (0ms)
				InitializePlatformSupportModulesInManaged (26ms)
				SetLoadedEditorAssemblies (0ms)
				RefreshPlugins (160ms)
				BeforeProcessingInitializeOnLoad (174ms)
				ProcessInitializeOnLoadAttributes (412ms)
				ProcessInitializeOnLoadMethodAttributes (133ms)
				AfterProcessingInitializeOnLoad (12ms)
				EditorAssembliesLoaded (0ms)
			ExecutionOrderSort2 (0ms)
			AwakeInstancesAfterBackupRestoration (8ms)
Platform modules already initialized, skipping
========================================================================
Worker process is ready to serve import requests
Launched and connected shader compiler UnityShaderCompiler.exe after 0.14 seconds
Refreshing native plugins compatible for Editor in 1.14 ms, found 3 plugins.
Preloading 0 native plugins for Editor in 0.00 ms.
Unloading 5190 Unused Serialized files (Serialized files now loaded: 0)
Unloading 37 unused Assets / (0.8 MB). Loaded Objects now: 5641.
Memory consumption went from 205.1 MB to 204.3 MB.
Total: 7.322400 ms (FindLiveObjects: 0.634500 ms CreateObjectMapping: 2.104100 ms MarkObjects: 4.144700 ms  DeleteObjects: 0.437900 ms)

AssetImportParameters requested are different than current active one (requested -> active):
  custom:video-decoder-ogg-theora: a1e56fd34408186e4bbccfd4996cb3dc -> 
  custom:container-muxer-webm: aa71ff27fc2769a1b78a27578f13a17b -> 
  custom:container-demuxer-webm: 4f35f7cbe854078d1ac9338744f61a02 -> 
  custom:video-encoder-webm-vp8: eb34c28f22e8b96e1ab97ce403110664 -> 
  custom:audio-encoder-webm-vorbis: bf7c407c2cedff20999df2af8eb42d56 -> 
  custom:framework-win-MediaFoundation: 216162199b28c13a410421893ffa2e32 -> 
  custom:container-demuxer-ogg: 62fdf1f143b41e24485cea50d1cbac27 -> 
  custom:video-decoder-webm-vp8: 9c59270c3fd7afecdb556c50c9e8de78 -> 
  custom:audio-decoder-ogg-vorbis: bf7c407c2cedff20999df2af8eb42d56 -> 
========================================================================
Received Import Request.
  Time since last request: 308164.235086 seconds.
  path: Assets/Prefabs/Do Contra.prefab
  artifactKey: Guid(57bbf963bfd2b30428bb800f7142a922) Importer(815301076,1909f56bfc062723c751e8b465ee728b)
Start importing Assets/Prefabs/Do Contra.prefab using Guid(57bbf963bfd2b30428bb800f7142a922) Importer(815301076,1909f56bfc062723c751e8b465ee728b)  -> (artifact id: '8970892c1951b305e4d915f8afe7412b') in 0.724591 seconds 
========================================================================
Received Import Request.
  Time since last request: 0.000035 seconds.
  path: Assets/Prefabs/General01.prefab
  artifactKey: Guid(9179786054c1ca64996197a586509ff2) Importer(815301076,1909f56bfc062723c751e8b465ee728b)
Start importing Assets/Prefabs/General01.prefab using Guid(9179786054c1ca64996197a586509ff2) Importer(815301076,1909f56bfc062723c751e8b465ee728b)  -> (artifact id: '2c80f07da96ea4ac5084d22d79497904') in 0.102345 seconds 
========================================================================
Received Import Request.
  Time since last request: 15.292159 seconds.
  path: Assets/Models/PlayerRigged.fbx
  artifactKey: Guid(982b5c4cf76e2e44a91af5235b4f03da) Importer(815301076,1909f56bfc062723c751e8b465ee728b)
Start importing Assets/Models/PlayerRigged.fbx using Guid(982b5c4cf76e2e44a91af5235b4f03da) Importer(815301076,1909f56bfc062723c751e8b465ee728b)  -> (artifact id: 'e8bd20b1eabd3cd9396b284463b292ee') in 0.274477 seconds 
========================================================================
Received Import Request.
  Time since last request: 132.927900 seconds.
  path: Assets/Models/PlayerRigado02.fbx
  artifactKey: Guid(e049452c77630d64a9a4e1c91324fc4a) Importer(815301076,1909f56bfc062723c751e8b465ee728b)
Start importing Assets/Models/PlayerRigado02.fbx using Guid(e049452c77630d64a9a4e1c91324fc4a) Importer(815301076,1909f56bfc062723c751e8b465ee728b)  -> (artifact id: 'f22806f0873452a3576771739deb7abc') in 0.143027 seconds 
========================================================================
Received Import Request.
  Time since last request: 57.953758 seconds.
  path: Assets/Animations/Do Contra EntregaPapel_01.fbx
  artifactKey: Guid(539a16e569bb04047a0cf39d8bd0ac44) Importer(815301076,1909f56bfc062723c751e8b465ee728b)
Start importing Assets/Animations/Do Contra EntregaPapel_01.fbx using Guid(539a16e569bb04047a0cf39d8bd0ac44) Importer(815301076,1909f56bfc062723c751e8b465ee728b)  -> (artifact id: '9a37db77db43f976c17dd8c890183943') in 0.021618 seconds 
========================================================================
Received Import Request.
  Time since last request: 0.000066 seconds.
  path: Assets/Animations/PalyerApontando.fbx
  artifactKey: Guid(02af829653e8f0245929df38007b7728) Importer(815301076,1909f56bfc062723c751e8b465ee728b)
Start importing Assets/Animations/PalyerApontando.fbx using Guid(02af829653e8f0245929df38007b7728) Importer(815301076,1909f56bfc062723c751e8b465ee728b)  -> (artifact id: '9bd17fe545394a83fbc5d10c3460160c') in 0.043046 seconds 
========================================================================
Received Import Request.
  Time since last request: 0.000066 seconds.
  path: Assets/Animations/PalyerJoia.fbx
  artifactKey: Guid(d5ed750c19b30ec4b80c68964900c418) Importer(815301076,1909f56bfc062723c751e8b465ee728b)
Start importing Assets/Animations/PalyerJoia.fbx using Guid(d5ed750c19b30ec4b80c68964900c418) Importer(815301076,1909f56bfc062723c751e8b465ee728b)  -> (artifact id: 'b3964bbcbf247386f489044274cdf92e') in 0.036532 seconds 
========================================================================
Received Import Request.
  Time since last request: 0.000077 seconds.
  path: Assets/Animations/PalyerNaoGostou.fbx
  artifactKey: Guid(d667ba070d5d60e46ba5b95eed16c402) Importer(815301076,1909f56bfc062723c751e8b465ee728b)
Start importing Assets/Animations/PalyerNaoGostou.fbx using Guid(d667ba070d5d60e46ba5b95eed16c402) Importer(815301076,1909f56bfc062723c751e8b465ee728b)  -> (artifact id: '74932c22cdeb59be5ed4d5054d51924e') in 0.024901 seconds 
========================================================================
Received Import Request.
  Time since last request: 0.000072 seconds.
  path: Assets/Animations/PalyerEscolheuEsquerda.fbx
  artifactKey: Guid(9812d067165581441a87cdc5a26d2ceb) Importer(815301076,1909f56bfc062723c751e8b465ee728b)
Start importing Assets/Animations/PalyerEscolheuEsquerda.fbx using Guid(9812d067165581441a87cdc5a26d2ceb) Importer(815301076,1909f56bfc062723c751e8b465ee728b)  -> (artifact id: '5449082f9debc9062449618b320667c3') in 0.033780 seconds 
========================================================================
Received Import Request.
  Time since last request: 15.732860 seconds.
  path: Assets/Animations/Player.controller
  artifactKey: Guid(b273f0d278d83fa428a4f0ea51977b5e) Importer(815301076,1909f56bfc062723c751e8b465ee728b)
Start importing Assets/Animations/Player.controller using Guid(b273f0d278d83fa428a4f0ea51977b5e) Importer(815301076,1909f56bfc062723c751e8b465ee728b)  -> (artifact id: 'bec8bcb8ab3d24d265c9623da3bf1102') in 0.032550 seconds 
========================================================================
Received Import Request.
  Time since last request: 20.250397 seconds.
  path: Assets/Animations/PalyerApontando.fbx
  artifactKey: Guid(02af829653e8f0245929df38007b7728) Importer(815301076,1909f56bfc062723c751e8b465ee728b)
Start importing Assets/Animations/PalyerApontando.fbx using Guid(02af829653e8f0245929df38007b7728) Importer(815301076,1909f56bfc062723c751e8b465ee728b)  -> (artifact id: '1236b334f6e08f6c1e1f2d2881d0ae63') in 0.018868 seconds 
========================================================================
Received Prepare
Registering precompiled user dll's ...
Registered in 0.014318 seconds.
Begin MonoManager ReloadAssembly
Symbol file LoadedFromMemory doesn't match image D:\GameDev\SantosPowerUp2025\Library\PackageCache\com.unity.visualscripting@1.7.8\Editor\VisualScripting.Core\Dependencies\YamlDotNet\Unity.VisualScripting.YamlDotNet.dll
Symbol file LoadedFromMemory doesn't match image D:\GameDev\SantosPowerUp2025\Library\PackageCache\com.unity.visualscripting@1.7.8\Editor\VisualScripting.Core\Dependencies\DotNetZip\Unity.VisualScripting.IonicZip.dll
Native extension for WindowsStandalone target not found
Native extension for Android target not found
Native extension for WebGL target not found
Refreshing native plugins compatible for Editor in 1.07 ms, found 3 plugins.
Preloading 0 native plugins for Editor in 0.00 ms.
Mono: successfully reloaded assembly
- Completed reload, in  3.222 seconds
Domain Reload Profiling:
	ReloadAssembly (3223ms)
		BeginReloadAssembly (300ms)
			ExecutionOrderSort (0ms)
			DisableScriptedObjects (11ms)
			BackupInstance (0ms)
			ReleaseScriptingObjects (0ms)
			CreateAndSetChildDomain (109ms)
		EndReloadAssembly (2771ms)
			LoadAssemblies (266ms)
			RebuildTransferFunctionScriptingTraits (0ms)
			SetupTypeCache (875ms)
			ReleaseScriptCaches (4ms)
			RebuildScriptCaches (141ms)
			SetupLoadedEditorAssemblies (1229ms)
				LogAssemblyErrors (0ms)
				InitializePlatformSupportModulesInManaged (70ms)
				SetLoadedEditorAssemblies (1ms)
				RefreshPlugins (1ms)
				BeforeProcessingInitializeOnLoad (215ms)
				ProcessInitializeOnLoadAttributes (691ms)
				ProcessInitializeOnLoadMethodAttributes (232ms)
				AfterProcessingInitializeOnLoad (17ms)
				EditorAssembliesLoaded (0ms)
			ExecutionOrderSort2 (0ms)
			AwakeInstancesAfterBackupRestoration (36ms)
Platform modules already initialized, skipping
Refreshing native plugins compatible for Editor in 3.48 ms, found 3 plugins.
Preloading 0 native plugins for Editor in 0.00 ms.
Unloading 5060 Unused Serialized files (Serialized files now loaded: 0)
Unloading 30 unused Assets / (0.7 MB). Loaded Objects now: 5734.
Memory consumption went from 215.2 MB to 214.4 MB.
Total: 9.037900 ms (FindLiveObjects: 0.740800 ms CreateObjectMapping: 0.373500 ms MarkObjects: 7.473300 ms  DeleteObjects: 0.448800 ms)

AssetImportParameters requested are different than current active one (requested -> active):
  custom:video-decoder-ogg-theora: a1e56fd34408186e4bbccfd4996cb3dc -> 
  custom:container-muxer-webm: aa71ff27fc2769a1b78a27578f13a17b -> 
  custom:container-demuxer-webm: 4f35f7cbe854078d1ac9338744f61a02 -> 
  custom:video-encoder-webm-vp8: eb34c28f22e8b96e1ab97ce403110664 -> 
  custom:audio-encoder-webm-vorbis: bf7c407c2cedff20999df2af8eb42d56 -> 
  custom:framework-win-MediaFoundation: 216162199b28c13a410421893ffa2e32 -> 
  custom:container-demuxer-ogg: 62fdf1f143b41e24485cea50d1cbac27 -> 
  custom:video-decoder-webm-vp8: 9c59270c3fd7afecdb556c50c9e8de78 -> 
  custom:audio-decoder-ogg-vorbis: bf7c407c2cedff20999df2af8eb42d56 -> 
========================================================================
Received Import Request.
  Time since last request: 181.025180 seconds.
  path: Assets/Models/corpo.fbx
  artifactKey: Guid(e47473161a6c5b7419b29e97323ebbbe) Importer(815301076,1909f56bfc062723c751e8b465ee728b)
Start importing Assets/Models/corpo.fbx using Guid(e47473161a6c5b7419b29e97323ebbbe) Importer(815301076,1909f56bfc062723c751e8b465ee728b)  -> (artifact id: 'ac23e095d7e6b08dae72a6c1b4fc60f9') in 0.089194 seconds 
========================================================================
Received Prepare
Registering precompiled user dll's ...
Registered in 0.015028 seconds.
Begin MonoManager ReloadAssembly
Symbol file LoadedFromMemory doesn't match image D:\GameDev\SantosPowerUp2025\Library\PackageCache\com.unity.visualscripting@1.7.8\Editor\VisualScripting.Core\Dependencies\YamlDotNet\Unity.VisualScripting.YamlDotNet.dll
Symbol file LoadedFromMemory doesn't match image D:\GameDev\SantosPowerUp2025\Library\PackageCache\com.unity.visualscripting@1.7.8\Editor\VisualScripting.Core\Dependencies\DotNetZip\Unity.VisualScripting.IonicZip.dll
Native extension for WindowsStandalone target not found
Native extension for Android target not found
Native extension for WebGL target not found
Refreshing native plugins compatible for Editor in 8.27 ms, found 3 plugins.
Preloading 0 native plugins for Editor in 0.00 ms.
Mono: successfully reloaded assembly
- Completed reload, in  9.125 seconds
Domain Reload Profiling:
	ReloadAssembly (9126ms)
		BeginReloadAssembly (940ms)
			ExecutionOrderSort (0ms)
			DisableScriptedObjects (24ms)
			BackupInstance (0ms)
			ReleaseScriptingObjects (0ms)
			CreateAndSetChildDomain (267ms)
		EndReloadAssembly (7493ms)
			LoadAssemblies (885ms)
			RebuildTransferFunctionScriptingTraits (1ms)
			SetupTypeCache (2415ms)
			ReleaseScriptCaches (4ms)
			RebuildScriptCaches (386ms)
			SetupLoadedEditorAssemblies (3271ms)
				LogAssemblyErrors (0ms)
				InitializePlatformSupportModulesInManaged (144ms)
				SetLoadedEditorAssemblies (11ms)
				RefreshPlugins (8ms)
				BeforeProcessingInitializeOnLoad (502ms)
				ProcessInitializeOnLoadAttributes (1935ms)
				ProcessInitializeOnLoadMethodAttributes (545ms)
				AfterProcessingInitializeOnLoad (123ms)
				EditorAssembliesLoaded (2ms)
			ExecutionOrderSort2 (0ms)
			AwakeInstancesAfterBackupRestoration (137ms)
Platform modules already initialized, skipping
Refreshing native plugins compatible for Editor in 11.56 ms, found 3 plugins.
Preloading 0 native plugins for Editor in 0.00 ms.
Unloading 5061 Unused Serialized files (Serialized files now loaded: 0)
Unloading 30 unused Assets / (0.7 MB). Loaded Objects now: 5737.
Memory consumption went from 215.4 MB to 214.7 MB.
Total: 30.691200 ms (FindLiveObjects: 2.088000 ms CreateObjectMapping: 5.897500 ms MarkObjects: 20.499200 ms  DeleteObjects: 2.199800 ms)

AssetImportParameters requested are different than current active one (requested -> active):
  custom:video-decoder-ogg-theora: a1e56fd34408186e4bbccfd4996cb3dc -> 
  custom:container-muxer-webm: aa71ff27fc2769a1b78a27578f13a17b -> 
  custom:container-demuxer-webm: 4f35f7cbe854078d1ac9338744f61a02 -> 
  custom:video-encoder-webm-vp8: eb34c28f22e8b96e1ab97ce403110664 -> 
  custom:audio-encoder-webm-vorbis: bf7c407c2cedff20999df2af8eb42d56 -> 
  custom:framework-win-MediaFoundation: 216162199b28c13a410421893ffa2e32 -> 
  custom:container-demuxer-ogg: 62fdf1f143b41e24485cea50d1cbac27 -> 
  custom:video-decoder-webm-vp8: 9c59270c3fd7afecdb556c50c9e8de78 -> 
  custom:audio-decoder-ogg-vorbis: bf7c407c2cedff20999df2af8eb42d56 -> 
